2018-七月-25 12:18:03 下午 [main] INFO  com.perfectchina.bns.WebApplication - Starting WebApplication on TerryTang.local with PID 3967 (/Users/terry.tang/IdeaProjects/wisesystem-bns/target/classes started by terry.tang in /Users/terry.tang/IdeaProjects/wisesystem-bns)
2018-七月-25 12:18:03 下午 [main] DEBUG com.perfectchina.bns.WebApplication - Running with Spring Boot v1.4.3.RELEASE, Spring v4.3.5.RELEASE
2018-七月-25 12:18:03 下午 [main] INFO  com.perfectchina.bns.WebApplication - No active profile set, falling back to default profiles: default
2018-七月-25 12:18:03 下午 [main] INFO  org.springframework.boot.context.embedded.AnnotationConfigEmbeddedWebApplicationContext - Refreshing org.springframework.boot.context.embedded.AnnotationConfigEmbeddedWebApplicationContext@235ecd9f: startup date [Wed Jul 25 12:18:03 CST 2018]; root of context hierarchy
2018-七月-25 12:18:03 下午 [background-preinit] INFO  org.hibernate.validator.internal.util.Version - HV000001: Hibernate Validator 5.2.4.Final
2018-七月-25 12:18:04 下午 [main] INFO  org.springframework.context.support.PostProcessorRegistrationDelegate$BeanPostProcessorChecker - Bean 'org.springframework.transaction.annotation.ProxyTransactionManagementConfiguration' of type [class org.springframework.transaction.annotation.ProxyTransactionManagementConfiguration$$EnhancerBySpringCGLIB$$4a1b7357] is not eligible for getting processed by all BeanPostProcessors (for example: not eligible for auto-proxying)
2018-七月-25 12:18:05 下午 [main] INFO  org.springframework.boot.context.embedded.tomcat.TomcatEmbeddedServletContainer - Tomcat initialized with port(s): 8080 (http)
2018-七月-25 12:18:05 下午 [main] INFO  org.apache.catalina.core.StandardService - Starting service Tomcat
2018-七月-25 12:18:05 下午 [main] INFO  org.apache.catalina.core.StandardEngine - Starting Servlet Engine: Apache Tomcat/8.5.6
2018-七月-25 12:18:05 下午 [localhost-startStop-1] INFO  org.apache.catalina.core.ContainerBase.[Tomcat].[localhost].[/bns] - Initializing Spring embedded WebApplicationContext
2018-七月-25 12:18:05 下午 [localhost-startStop-1] INFO  org.springframework.web.context.ContextLoader - Root WebApplicationContext: initialization completed in 1493 ms
2018-七月-25 12:18:05 下午 [localhost-startStop-1] INFO  org.springframework.boot.web.servlet.FilterRegistrationBean - Mapping filter: 'characterEncodingFilter' to: [/*]
2018-七月-25 12:18:05 下午 [localhost-startStop-1] INFO  org.springframework.boot.web.servlet.FilterRegistrationBean - Mapping filter: 'hiddenHttpMethodFilter' to: [/*]
2018-七月-25 12:18:05 下午 [localhost-startStop-1] INFO  org.springframework.boot.web.servlet.FilterRegistrationBean - Mapping filter: 'httpPutFormContentFilter' to: [/*]
2018-七月-25 12:18:05 下午 [localhost-startStop-1] INFO  org.springframework.boot.web.servlet.FilterRegistrationBean - Mapping filter: 'requestContextFilter' to: [/*]
2018-七月-25 12:18:05 下午 [localhost-startStop-1] INFO  org.springframework.boot.web.servlet.DelegatingFilterProxyRegistrationBean - Mapping filter: 'springSecurityFilterChain' to: [/*]
2018-七月-25 12:18:05 下午 [localhost-startStop-1] INFO  org.springframework.boot.web.servlet.ServletRegistrationBean - Mapping servlet: 'webServlet' to [/console/*]
2018-七月-25 12:18:05 下午 [localhost-startStop-1] INFO  org.springframework.boot.web.servlet.ServletRegistrationBean - Mapping servlet: 'dispatcherServlet' to [/]
2018-七月-25 12:18:05 下午 [main] WARN  org.springframework.boot.context.embedded.AnnotationConfigEmbeddedWebApplicationContext - Exception encountered during context initialization - cancelling refresh attempt: org.springframework.beans.factory.BeanCreationException: Error creating bean with name 'entityManagerFactory' defined in class path resource [com/perfectchina/bns/configuration/JpaConfiguration.class]: Bean instantiation via factory method failed; nested exception is org.springframework.beans.BeanInstantiationException: Failed to instantiate [org.springframework.orm.jpa.LocalContainerEntityManagerFactoryBean]: Factory method 'entityManagerFactory' threw exception; nested exception is java.lang.IllegalStateException: required key [datasource.bns.hibernate.dialect] not found
2018-七月-25 12:18:05 下午 [main] INFO  org.apache.catalina.core.StandardService - Stopping service Tomcat
2018-七月-25 12:18:05 下午 [localhost-startStop-1] WARN  org.apache.catalina.loader.WebappClassLoaderBase - The web application [bns] appears to have started a thread named [Abandoned connection cleanup thread] but has failed to stop it. This is very likely to create a memory leak. Stack trace of thread:
 java.lang.Object.wait(Native Method)
 java.lang.ref.ReferenceQueue.remove(ReferenceQueue.java:143)
 com.mysql.jdbc.AbandonedConnectionCleanupThread.run(AbandonedConnectionCleanupThread.java:43)
2018-七月-25 12:18:05 下午 [main] WARN  org.springframework.boot.SpringApplication - Error handling failed (Error creating bean with name 'delegatingApplicationListener' defined in class path resource [org/springframework/security/config/annotation/web/configuration/WebSecurityConfiguration.class]: BeanPostProcessor before instantiation of bean failed; nested exception is org.springframework.beans.factory.BeanCreationException: Error creating bean with name 'org.springframework.transaction.annotation.ProxyTransactionManagementConfiguration': Initialization of bean failed; nested exception is org.springframework.beans.factory.NoSuchBeanDefinitionException: No bean named 'org.springframework.context.annotation.ConfigurationClassPostProcessor.importRegistry' available)
2018-七月-25 12:18:05 下午 [main] ERROR org.springframework.boot.SpringApplication - Application startup failed
org.springframework.beans.factory.BeanCreationException: Error creating bean with name 'entityManagerFactory' defined in class path resource [com/perfectchina/bns/configuration/JpaConfiguration.class]: Bean instantiation via factory method failed; nested exception is org.springframework.beans.BeanInstantiationException: Failed to instantiate [org.springframework.orm.jpa.LocalContainerEntityManagerFactoryBean]: Factory method 'entityManagerFactory' threw exception; nested exception is java.lang.IllegalStateException: required key [datasource.bns.hibernate.dialect] not found
	at org.springframework.beans.factory.support.ConstructorResolver.instantiateUsingFactoryMethod(ConstructorResolver.java:599) ~[spring-beans-4.3.5.RELEASE.jar:4.3.5.RELEASE]
	at org.springframework.beans.factory.support.AbstractAutowireCapableBeanFactory.instantiateUsingFactoryMethod(AbstractAutowireCapableBeanFactory.java:1134) ~[spring-beans-4.3.5.RELEASE.jar:4.3.5.RELEASE]
	at org.springframework.beans.factory.support.AbstractAutowireCapableBeanFactory.createBeanInstance(AbstractAutowireCapableBeanFactory.java:1028) ~[spring-beans-4.3.5.RELEASE.jar:4.3.5.RELEASE]
	at org.springframework.beans.factory.support.AbstractAutowireCapableBeanFactory.doCreateBean(AbstractAutowireCapableBeanFactory.java:513) ~[spring-beans-4.3.5.RELEASE.jar:4.3.5.RELEASE]
	at org.springframework.beans.factory.support.AbstractAutowireCapableBeanFactory.createBean(AbstractAutowireCapableBeanFactory.java:483) ~[spring-beans-4.3.5.RELEASE.jar:4.3.5.RELEASE]
	at org.springframework.beans.factory.support.AbstractBeanFactory$1.getObject(AbstractBeanFactory.java:306) ~[spring-beans-4.3.5.RELEASE.jar:4.3.5.RELEASE]
	at org.springframework.beans.factory.support.DefaultSingletonBeanRegistry.getSingleton(DefaultSingletonBeanRegistry.java:230) ~[spring-beans-4.3.5.RELEASE.jar:4.3.5.RELEASE]
	at org.springframework.beans.factory.support.AbstractBeanFactory.doGetBean(AbstractBeanFactory.java:302) ~[spring-beans-4.3.5.RELEASE.jar:4.3.5.RELEASE]
	at org.springframework.beans.factory.support.AbstractBeanFactory.getBean(AbstractBeanFactory.java:197) ~[spring-beans-4.3.5.RELEASE.jar:4.3.5.RELEASE]
	at org.springframework.context.support.AbstractApplicationContext.getBean(AbstractApplicationContext.java:1081) ~[spring-context-4.3.5.RELEASE.jar:4.3.5.RELEASE]
	at org.springframework.context.support.AbstractApplicationContext.finishBeanFactoryInitialization(AbstractApplicationContext.java:856) ~[spring-context-4.3.5.RELEASE.jar:4.3.5.RELEASE]
	at org.springframework.context.support.AbstractApplicationContext.refresh(AbstractApplicationContext.java:542) ~[spring-context-4.3.5.RELEASE.jar:4.3.5.RELEASE]
	at org.springframework.boot.context.embedded.EmbeddedWebApplicationContext.refresh(EmbeddedWebApplicationContext.java:122) ~[spring-boot-1.4.3.RELEASE.jar:1.4.3.RELEASE]
	at org.springframework.boot.SpringApplication.refresh(SpringApplication.java:761) [spring-boot-1.4.3.RELEASE.jar:1.4.3.RELEASE]
	at org.springframework.boot.SpringApplication.refreshContext(SpringApplication.java:371) [spring-boot-1.4.3.RELEASE.jar:1.4.3.RELEASE]
	at org.springframework.boot.SpringApplication.run(SpringApplication.java:315) [spring-boot-1.4.3.RELEASE.jar:1.4.3.RELEASE]
	at org.springframework.boot.SpringApplication.run(SpringApplication.java:1186) [spring-boot-1.4.3.RELEASE.jar:1.4.3.RELEASE]
	at org.springframework.boot.SpringApplication.run(SpringApplication.java:1175) [spring-boot-1.4.3.RELEASE.jar:1.4.3.RELEASE]
	at com.perfectchina.bns.WebApplication.main(WebApplication.java:17) [classes/:?]
Caused by: org.springframework.beans.BeanInstantiationException: Failed to instantiate [org.springframework.orm.jpa.LocalContainerEntityManagerFactoryBean]: Factory method 'entityManagerFactory' threw exception; nested exception is java.lang.IllegalStateException: required key [datasource.bns.hibernate.dialect] not found
	at org.springframework.beans.factory.support.SimpleInstantiationStrategy.instantiate(SimpleInstantiationStrategy.java:189) ~[spring-beans-4.3.5.RELEASE.jar:4.3.5.RELEASE]
	at org.springframework.beans.factory.support.ConstructorResolver.instantiateUsingFactoryMethod(ConstructorResolver.java:588) ~[spring-beans-4.3.5.RELEASE.jar:4.3.5.RELEASE]
	... 18 more
Caused by: java.lang.IllegalStateException: required key [datasource.bns.hibernate.dialect] not found
	at org.springframework.core.env.AbstractPropertyResolver.getRequiredProperty(AbstractPropertyResolver.java:183) ~[spring-core-4.3.5.RELEASE.jar:4.3.5.RELEASE]
	at org.springframework.core.env.AbstractEnvironment.getRequiredProperty(AbstractEnvironment.java:556) ~[spring-core-4.3.5.RELEASE.jar:4.3.5.RELEASE]
	at com.perfectchina.bns.configuration.JpaConfiguration.jpaProperties(JpaConfiguration.java:100) ~[classes/:?]
	at com.perfectchina.bns.configuration.JpaConfiguration.entityManagerFactory(JpaConfiguration.java:82) ~[classes/:?]
	at com.perfectchina.bns.configuration.JpaConfiguration$$EnhancerBySpringCGLIB$$3251e08d.CGLIB$entityManagerFactory$2(<generated>) ~[classes/:?]
	at com.perfectchina.bns.configuration.JpaConfiguration$$EnhancerBySpringCGLIB$$3251e08d$$FastClassBySpringCGLIB$$94f6163a.invoke(<generated>) ~[classes/:?]
	at org.springframework.cglib.proxy.MethodProxy.invokeSuper(MethodProxy.java:228) ~[spring-core-4.3.5.RELEASE.jar:4.3.5.RELEASE]
	at org.springframework.context.annotation.ConfigurationClassEnhancer$BeanMethodInterceptor.intercept(ConfigurationClassEnhancer.java:356) ~[spring-context-4.3.5.RELEASE.jar:4.3.5.RELEASE]
	at com.perfectchina.bns.configuration.JpaConfiguration$$EnhancerBySpringCGLIB$$3251e08d.entityManagerFactory(<generated>) ~[classes/:?]
	at sun.reflect.NativeMethodAccessorImpl.invoke0(Native Method) ~[?:1.8.0_161]
	at sun.reflect.NativeMethodAccessorImpl.invoke(NativeMethodAccessorImpl.java:62) ~[?:1.8.0_161]
	at sun.reflect.DelegatingMethodAccessorImpl.invoke(DelegatingMethodAccessorImpl.java:43) ~[?:1.8.0_161]
	at java.lang.reflect.Method.invoke(Method.java:498) ~[?:1.8.0_161]
	at org.springframework.beans.factory.support.SimpleInstantiationStrategy.instantiate(SimpleInstantiationStrategy.java:162) ~[spring-beans-4.3.5.RELEASE.jar:4.3.5.RELEASE]
	at org.springframework.beans.factory.support.ConstructorResolver.instantiateUsingFactoryMethod(ConstructorResolver.java:588) ~[spring-beans-4.3.5.RELEASE.jar:4.3.5.RELEASE]
	... 18 more
2018-七月-25 12:18:56 下午 [main] INFO  com.perfectchina.bns.WebApplication - Starting WebApplication on TerryTang.local with PID 3989 (/Users/terry.tang/IdeaProjects/wisesystem-bns/target/classes started by terry.tang in /Users/terry.tang/IdeaProjects/wisesystem-bns)
2018-七月-25 12:18:56 下午 [main] DEBUG com.perfectchina.bns.WebApplication - Running with Spring Boot v1.4.3.RELEASE, Spring v4.3.5.RELEASE
2018-七月-25 12:18:56 下午 [main] INFO  com.perfectchina.bns.WebApplication - The following profiles are active: prod
2018-七月-25 12:18:56 下午 [main] INFO  org.springframework.boot.context.embedded.AnnotationConfigEmbeddedWebApplicationContext - Refreshing org.springframework.boot.context.embedded.AnnotationConfigEmbeddedWebApplicationContext@235ecd9f: startup date [Wed Jul 25 12:18:56 CST 2018]; root of context hierarchy
2018-七月-25 12:18:56 下午 [background-preinit] INFO  org.hibernate.validator.internal.util.Version - HV000001: Hibernate Validator 5.2.4.Final
2018-七月-25 12:18:57 下午 [main] INFO  org.springframework.context.support.PostProcessorRegistrationDelegate$BeanPostProcessorChecker - Bean 'org.springframework.transaction.annotation.ProxyTransactionManagementConfiguration' of type [class org.springframework.transaction.annotation.ProxyTransactionManagementConfiguration$$EnhancerBySpringCGLIB$$77473379] is not eligible for getting processed by all BeanPostProcessors (for example: not eligible for auto-proxying)
2018-七月-25 12:18:58 下午 [main] INFO  org.springframework.boot.context.embedded.tomcat.TomcatEmbeddedServletContainer - Tomcat initialized with port(s): 8080 (http)
2018-七月-25 12:18:58 下午 [main] INFO  org.apache.catalina.core.StandardService - Starting service Tomcat
2018-七月-25 12:18:58 下午 [main] INFO  org.apache.catalina.core.StandardEngine - Starting Servlet Engine: Apache Tomcat/8.5.6
2018-七月-25 12:18:58 下午 [localhost-startStop-1] INFO  org.apache.catalina.core.ContainerBase.[Tomcat].[localhost].[/bns] - Initializing Spring embedded WebApplicationContext
2018-七月-25 12:18:58 下午 [localhost-startStop-1] INFO  org.springframework.web.context.ContextLoader - Root WebApplicationContext: initialization completed in 1435 ms
2018-七月-25 12:18:58 下午 [localhost-startStop-1] INFO  org.springframework.boot.web.servlet.FilterRegistrationBean - Mapping filter: 'characterEncodingFilter' to: [/*]
2018-七月-25 12:18:58 下午 [localhost-startStop-1] INFO  org.springframework.boot.web.servlet.FilterRegistrationBean - Mapping filter: 'hiddenHttpMethodFilter' to: [/*]
2018-七月-25 12:18:58 下午 [localhost-startStop-1] INFO  org.springframework.boot.web.servlet.FilterRegistrationBean - Mapping filter: 'httpPutFormContentFilter' to: [/*]
2018-七月-25 12:18:58 下午 [localhost-startStop-1] INFO  org.springframework.boot.web.servlet.FilterRegistrationBean - Mapping filter: 'requestContextFilter' to: [/*]
2018-七月-25 12:18:58 下午 [localhost-startStop-1] INFO  org.springframework.boot.web.servlet.DelegatingFilterProxyRegistrationBean - Mapping filter: 'springSecurityFilterChain' to: [/*]
2018-七月-25 12:18:58 下午 [localhost-startStop-1] INFO  org.springframework.boot.web.servlet.ServletRegistrationBean - Mapping servlet: 'webServlet' to [/console/*]
2018-七月-25 12:18:58 下午 [localhost-startStop-1] INFO  org.springframework.boot.web.servlet.ServletRegistrationBean - Mapping servlet: 'dispatcherServlet' to [/]
2018-七月-25 12:18:58 下午 [main] INFO  org.springframework.orm.jpa.LocalContainerEntityManagerFactoryBean - Building JPA container EntityManagerFactory for persistence unit 'default'
2018-七月-25 12:18:58 下午 [main] INFO  org.hibernate.jpa.internal.util.LogHelper - HHH000204: Processing PersistenceUnitInfo [
	name: default
	...]
2018-七月-25 12:18:58 下午 [main] INFO  org.hibernate.Version - HHH000412: Hibernate Core {5.0.11.Final}
2018-七月-25 12:18:58 下午 [main] INFO  org.hibernate.cfg.Environment - HHH000206: hibernate.properties not found
2018-七月-25 12:18:58 下午 [main] INFO  org.hibernate.cfg.Environment - HHH000021: Bytecode provider name : javassist
2018-七月-25 12:18:58 下午 [main] INFO  org.hibernate.annotations.common.Version - HCANN000001: Hibernate Commons Annotations {5.0.1.Final}
2018-七月-25 12:18:58 下午 [main] INFO  com.zaxxer.hikari.HikariDataSource - HikariPool-1 - Started.
2018-七月-25 12:18:58 下午 [main] INFO  org.hibernate.dialect.Dialect - HHH000400: Using dialect: org.hibernate.dialect.MySQLDialect
2018-七月-25 12:18:59 下午 [main] INFO  org.hibernate.tool.hbm2ddl.SchemaUpdate - HHH000228: Running hbm2ddl schema update
2018-七月-25 12:18:59 下午 [main] INFO  org.hibernate.tool.schema.extract.internal.InformationExtractorJdbcDatabaseMetaDataImpl - HHH000262: Table not found: TreeNode
2018-七月-25 12:18:59 下午 [main] INFO  org.hibernate.tool.schema.extract.internal.InformationExtractorJdbcDatabaseMetaDataImpl - HHH000262: Table not found: TreeNode
2018-七月-25 12:18:59 下午 [main] INFO  org.hibernate.hql.internal.QueryTranslatorFactoryInitiator - HHH000397: Using ASTQueryTranslatorFactory
2018-七月-25 12:18:59 下午 [main] INFO  org.springframework.orm.jpa.LocalContainerEntityManagerFactoryBean - Initialized JPA EntityManagerFactory for persistence unit 'default'
2018-七月-25 12:19:00 下午 [main] INFO  com.perfectchina.bns.configuration.SpringSecurityConfig - Inside HttpSecurity.
2018-七月-25 12:19:00 下午 [main] INFO  com.perfectchina.bns.configuration.SpringSecurityConfig - Inside WebSecurity.
2018-七月-25 12:19:00 下午 [main] INFO  org.springframework.security.web.DefaultSecurityFilterChain - Creating filter chain: Ant [pattern='/css/**'], []
2018-七月-25 12:19:00 下午 [main] INFO  org.springframework.security.web.DefaultSecurityFilterChain - Creating filter chain: Ant [pattern='/js/**'], []
2018-七月-25 12:19:00 下午 [main] INFO  org.springframework.security.web.DefaultSecurityFilterChain - Creating filter chain: org.springframework.security.web.util.matcher.AnyRequestMatcher@1, [org.springframework.security.web.context.request.async.WebAsyncManagerIntegrationFilter@42d174ad, org.springframework.security.web.context.SecurityContextPersistenceFilter@6a902015, org.springframework.security.web.header.HeaderWriterFilter@5fb44964, com.perfectchina.bns.configuration.SpringSecurityConfig$CsrfHeaderFilter@4ec0229c, org.springframework.security.web.authentication.logout.LogoutFilter@59f76e56, org.springframework.security.web.authentication.UsernamePasswordAuthenticationFilter@4ec8d9b2, org.springframework.security.web.savedrequest.RequestCacheAwareFilter@521a506c, org.springframework.security.web.servletapi.SecurityContextHolderAwareRequestFilter@7d18338b, org.springframework.security.web.authentication.AnonymousAuthenticationFilter@173a5fad, org.springframework.security.web.session.SessionManagementFilter@1d444652, org.springframework.security.web.access.ExceptionTranslationFilter@43423d40, org.springframework.security.web.access.intercept.FilterSecurityInterceptor@62b786dc]
2018-七月-25 12:19:00 下午 [main] INFO  org.springframework.web.servlet.mvc.method.annotation.RequestMappingHandlerAdapter - Looking for @ControllerAdvice: org.springframework.boot.context.embedded.AnnotationConfigEmbeddedWebApplicationContext@235ecd9f: startup date [Wed Jul 25 12:18:56 CST 2018]; root of context hierarchy
2018-七月-25 12:19:00 下午 [main] INFO  org.springframework.web.servlet.mvc.method.annotation.RequestMappingHandlerMapping - Mapped "{[/]}" onto java.lang.String com.perfectchina.bns.controller.AppController.home(org.springframework.ui.ModelMap)
2018-七月-25 12:19:00 下午 [main] INFO  org.springframework.web.servlet.mvc.method.annotation.RequestMappingHandlerMapping - Mapped "{[/partials/{page}]}" onto java.lang.String com.perfectchina.bns.controller.AppController.partialHandler(java.lang.String)
2018-七月-25 12:19:00 下午 [main] INFO  org.springframework.web.servlet.mvc.method.annotation.RequestMappingHandlerMapping - Mapped "{[/api/activeNet/listAccounts],methods=[GET]}" onto public org.springframework.http.ResponseEntity<java.util.List<com.perfectchina.bns.model.treenode.TreeNode>> com.perfectchina.bns.controller.RestApiActiveNetTreeNodeController.listAccounts()
2018-七月-25 12:19:00 下午 [main] INFO  org.springframework.web.servlet.mvc.method.annotation.RequestMappingHandlerMapping - Mapped "{[/api/ActiveNet/],methods=[PUT]}" onto public org.springframework.http.ResponseEntity<?> com.perfectchina.bns.controller.RestApiActiveNetTreeNodeController.createFiveStarNet()
2018-七月-25 12:19:00 下午 [main] INFO  org.springframework.web.servlet.mvc.method.annotation.RequestMappingHandlerMapping - Mapped "{[/auth/authenticate],methods=[POST]}" onto public org.springframework.http.ResponseEntity<com.perfectchina.bns.model.User> com.perfectchina.bns.controller.RestApiAuthController.login(com.perfectchina.bns.model.User)
2018-七月-25 12:19:00 下午 [main] INFO  org.springframework.web.servlet.mvc.method.annotation.RequestMappingHandlerMapping - Mapped "{[/api/fiveStarNet/listAccounts],methods=[GET]}" onto public org.springframework.http.ResponseEntity<java.util.List<com.perfectchina.bns.model.treenode.TreeNode>> com.perfectchina.bns.controller.RestApiFiveStarNetTreeNodeController.listAccounts()
2018-七月-25 12:19:00 下午 [main] INFO  org.springframework.web.servlet.mvc.method.annotation.RequestMappingHandlerMapping - Mapped "{[/api/fiveStarNet/],methods=[PUT]}" onto public org.springframework.http.ResponseEntity<?> com.perfectchina.bns.controller.RestApiFiveStarNetTreeNodeController.createFiveStarNet()
2018-七月-25 12:19:00 下午 [main] INFO  org.springframework.web.servlet.mvc.method.annotation.RequestMappingHandlerMapping - Mapped "{[/api/gpvNet/listAccounts],methods=[GET]}" onto public org.springframework.http.ResponseEntity<java.util.List<com.perfectchina.bns.model.treenode.TreeNode>> com.perfectchina.bns.controller.RestApiGpvNetTreeNodeController.listAccounts()
2018-七月-25 12:19:00 下午 [main] INFO  org.springframework.web.servlet.mvc.method.annotation.RequestMappingHandlerMapping - Mapped "{[/api/gpvNet/],methods=[PUT]}" onto public org.springframework.http.ResponseEntity<?> com.perfectchina.bns.controller.RestApiGpvNetTreeNodeController.updateGpvNet()
2018-七月-25 12:19:00 下午 [main] INFO  org.springframework.web.servlet.mvc.method.annotation.RequestMappingHandlerMapping - Mapped "{[/api/interfaceAccount/upload],methods=[POST]}" onto public org.springframework.http.ResponseEntity<?> com.perfectchina.bns.controller.RestApiInterfaceAccountController.singleFileUpload(org.springframework.web.multipart.MultipartFile) throws java.lang.Exception
2018-七月-25 12:19:00 下午 [main] INFO  org.springframework.web.servlet.mvc.method.annotation.RequestMappingHandlerMapping - Mapped "{[/api/interfaceAccount/listPendingAccounts],methods=[GET]}" onto public org.springframework.http.ResponseEntity<java.util.List<com.perfectchina.bns.model.InterfaceAccountInfo>> com.perfectchina.bns.controller.RestApiInterfaceAccountController.listAllInterfaceAccountInfos()
2018-七月-25 12:19:00 下午 [main] INFO  org.springframework.web.servlet.mvc.method.annotation.RequestMappingHandlerMapping - Mapped "{[/api/interfaceAccount/{id}],methods=[GET]}" onto public org.springframework.http.ResponseEntity<?> com.perfectchina.bns.controller.RestApiInterfaceAccountController.getInterfaceAccountInfo(long)
2018-七月-25 12:19:00 下午 [main] INFO  org.springframework.web.servlet.mvc.method.annotation.RequestMappingHandlerMapping - Mapped "{[/api/interfaceAccount/],methods=[POST]}" onto public org.springframework.http.ResponseEntity<?> com.perfectchina.bns.controller.RestApiInterfaceAccountController.createInterfaceAccountInfo(com.perfectchina.bns.model.InterfaceAccountInfo,org.springframework.web.util.UriComponentsBuilder)
2018-七月-25 12:19:00 下午 [main] INFO  org.springframework.web.servlet.mvc.method.annotation.RequestMappingHandlerMapping - Mapped "{[/api/interfaceAccount/{id}],methods=[PUT]}" onto public org.springframework.http.ResponseEntity<?> com.perfectchina.bns.controller.RestApiInterfaceAccountController.updateInterfaceAccountInfo(long,com.perfectchina.bns.model.InterfaceAccountInfo)
2018-七月-25 12:19:00 下午 [main] INFO  org.springframework.web.servlet.mvc.method.annotation.RequestMappingHandlerMapping - Mapped "{[/api/interfaceAccount/{id}],methods=[DELETE]}" onto public org.springframework.http.ResponseEntity<?> com.perfectchina.bns.controller.RestApiInterfaceAccountController.deleteInterfaceAccountInfo(long)
2018-七月-25 12:19:00 下午 [main] INFO  org.springframework.web.servlet.mvc.method.annotation.RequestMappingHandlerMapping - Mapped "{[/api/interfaceAccount/],methods=[DELETE]}" onto public org.springframework.http.ResponseEntity<com.perfectchina.bns.model.InterfaceAccountInfo> com.perfectchina.bns.controller.RestApiInterfaceAccountController.deleteAllInterfaceAccountInfos()
2018-七月-25 12:19:00 下午 [main] INFO  org.springframework.web.servlet.mvc.method.annotation.RequestMappingHandlerMapping - Mapped "{[/api/interfaceAccount/createBatch/],methods=[POST]}" onto public org.springframework.http.ResponseEntity<?> com.perfectchina.bns.controller.RestApiInterfaceAccountController.createBatchInterfaceAccountInfo(java.util.List<com.perfectchina.bns.model.InterfaceAccountInfo>,org.springframework.web.util.UriComponentsBuilder)
2018-七月-25 12:19:00 下午 [main] INFO  org.springframework.web.servlet.mvc.method.annotation.RequestMappingHandlerMapping - Mapped "{[/api/interfaceAccount/confirmBatch/],methods=[POST]}" onto public org.springframework.http.ResponseEntity<?> com.perfectchina.bns.controller.RestApiInterfaceAccountController.confirmBatchInterfaceAccountInfo(org.springframework.web.util.UriComponentsBuilder)
2018-七月-25 12:19:00 下午 [main] INFO  org.springframework.web.servlet.mvc.method.annotation.RequestMappingHandlerMapping - Mapped "{[/api/interfaceSalesRecord/upload],methods=[POST]}" onto public org.springframework.http.ResponseEntity<?> com.perfectchina.bns.controller.RestApiInterfaceSalesRecordController.singleFileUpload(org.springframework.web.multipart.MultipartFile) throws java.lang.Exception
2018-七月-25 12:19:00 下午 [main] INFO  org.springframework.web.servlet.mvc.method.annotation.RequestMappingHandlerMapping - Mapped "{[/api/interfaceSalesRecord/confirmBatch/],methods=[POST]}" onto public org.springframework.http.ResponseEntity<?> com.perfectchina.bns.controller.RestApiInterfaceSalesRecordController.confirmBatchInterfaceAccountInfo(org.springframework.web.util.UriComponentsBuilder)
2018-七月-25 12:19:00 下午 [main] INFO  org.springframework.web.servlet.mvc.method.annotation.RequestMappingHandlerMapping - Mapped "{[/api/interfaceSalesRecord/listPendingSalesRecord],methods=[GET]}" onto public org.springframework.http.ResponseEntity<java.util.List<com.perfectchina.bns.model.InterfaceSalesRecordInfo>> com.perfectchina.bns.controller.RestApiInterfaceSalesRecordController.listAllInterfaceSalesRecordInfos()
2018-七月-25 12:19:00 下午 [main] INFO  org.springframework.web.servlet.mvc.method.annotation.RequestMappingHandlerMapping - Mapped "{[/api/opvNet/listAccounts],methods=[GET]}" onto public org.springframework.http.ResponseEntity<java.util.List<com.perfectchina.bns.model.treenode.TreeNode>> com.perfectchina.bns.controller.RestApiOpvNetTreeNodeController.listAccounts()
2018-七月-25 12:19:00 下午 [main] INFO  org.springframework.web.servlet.mvc.method.annotation.RequestMappingHandlerMapping - Mapped "{[/api/opvNet/],methods=[PUT]}" onto public org.springframework.http.ResponseEntity<?> com.perfectchina.bns.controller.RestApiOpvNetTreeNodeController.updateOpvNetPpv()
2018-七月-25 12:19:00 下午 [main] INFO  org.springframework.web.servlet.mvc.method.annotation.RequestMappingHandlerMapping - Mapped "{[/api/simpleNet/listAccounts],methods=[GET]}" onto public org.springframework.http.ResponseEntity<java.util.List<com.perfectchina.bns.model.treenode.TreeNode>> com.perfectchina.bns.controller.RestApiSimpleNetTreeNodeController.listAccounts()
2018-七月-25 12:19:00 下午 [main] INFO  org.springframework.web.servlet.mvc.method.annotation.RequestMappingHandlerMapping - Mapped "{[/api/simpleNet/],methods=[PUT]}" onto public org.springframework.http.ResponseEntity<?> com.perfectchina.bns.controller.RestApiSimpleNetTreeNodeController.updateSimpleNetPpv()
2018-七月-25 12:19:00 下午 [main] INFO  org.springframework.web.servlet.mvc.method.annotation.RequestMappingHandlerMapping - Mapped "{[/api/user]}" onto public java.security.Principal com.perfectchina.bns.controller.RestApiUserController.user(java.security.Principal)
2018-七月-25 12:19:00 下午 [main] INFO  org.springframework.web.servlet.mvc.method.annotation.RequestMappingHandlerMapping - Mapped "{[/api/user/{id}],methods=[GET]}" onto public org.springframework.http.ResponseEntity<?> com.perfectchina.bns.controller.RestApiUserController.getUser(long)
2018-七月-25 12:19:00 下午 [main] INFO  org.springframework.web.servlet.mvc.method.annotation.RequestMappingHandlerMapping - Mapped "{[/api/user/get/{username}],methods=[GET]}" onto public org.springframework.http.ResponseEntity<?> com.perfectchina.bns.controller.RestApiUserController.getUser(java.lang.String)
2018-七月-25 12:19:00 下午 [main] INFO  org.springframework.web.servlet.mvc.method.annotation.RequestMappingHandlerMapping - Mapped "{[/api/user/listAll],methods=[GET]}" onto public org.springframework.http.ResponseEntity<java.util.List<com.perfectchina.bns.model.User>> com.perfectchina.bns.controller.RestApiUserController.listAllUsers()
2018-七月-25 12:19:00 下午 [main] INFO  org.springframework.web.servlet.mvc.method.annotation.RequestMappingHandlerMapping - Mapped "{[/api/user/],methods=[POST]}" onto public org.springframework.http.ResponseEntity<?> com.perfectchina.bns.controller.RestApiUserController.createUser(com.perfectchina.bns.model.User,org.springframework.web.util.UriComponentsBuilder)
2018-七月-25 12:19:00 下午 [main] INFO  org.springframework.web.servlet.mvc.method.annotation.RequestMappingHandlerMapping - Mapped "{[/api/user/{id}],methods=[PUT]}" onto public org.springframework.http.ResponseEntity<?> com.perfectchina.bns.controller.RestApiUserController.updateUser(long,com.perfectchina.bns.model.User)
2018-七月-25 12:19:00 下午 [main] INFO  org.springframework.web.servlet.mvc.method.annotation.RequestMappingHandlerMapping - Mapped "{[/api/user/{id}],methods=[DELETE]}" onto public org.springframework.http.ResponseEntity<?> com.perfectchina.bns.controller.RestApiUserController.deleteUser(long)
2018-七月-25 12:19:00 下午 [main] INFO  org.springframework.web.servlet.mvc.method.annotation.RequestMappingHandlerMapping - Mapped "{[/api/user/],methods=[DELETE]}" onto public org.springframework.http.ResponseEntity<com.perfectchina.bns.model.User> com.perfectchina.bns.controller.RestApiUserController.deleteAllUsers()
2018-七月-25 12:19:00 下午 [main] INFO  org.springframework.web.servlet.mvc.method.annotation.RequestMappingHandlerMapping - Mapped "{[/error]}" onto public org.springframework.http.ResponseEntity<java.util.Map<java.lang.String, java.lang.Object>> org.springframework.boot.autoconfigure.web.BasicErrorController.error(javax.servlet.http.HttpServletRequest)
2018-七月-25 12:19:00 下午 [main] INFO  org.springframework.web.servlet.mvc.method.annotation.RequestMappingHandlerMapping - Mapped "{[/error],produces=[text/html]}" onto public org.springframework.web.servlet.ModelAndView org.springframework.boot.autoconfigure.web.BasicErrorController.errorHtml(javax.servlet.http.HttpServletRequest,javax.servlet.http.HttpServletResponse)
2018-七月-25 12:19:00 下午 [main] INFO  org.springframework.web.servlet.handler.SimpleUrlHandlerMapping - Mapped URL path [/webjars/**] onto handler of type [class org.springframework.web.servlet.resource.ResourceHttpRequestHandler]
2018-七月-25 12:19:00 下午 [main] INFO  org.springframework.web.servlet.handler.SimpleUrlHandlerMapping - Mapped URL path [/**] onto handler of type [class org.springframework.web.servlet.resource.ResourceHttpRequestHandler]
2018-七月-25 12:19:01 下午 [main] INFO  org.springframework.web.servlet.handler.SimpleUrlHandlerMapping - Mapped URL path [/**/favicon.ico] onto handler of type [class org.springframework.web.servlet.resource.ResourceHttpRequestHandler]
2018-七月-25 12:19:01 下午 [main] INFO  org.springframework.web.servlet.view.freemarker.FreeMarkerConfigurer - ClassTemplateLoader for Spring macros added to FreeMarker configuration
2018-七月-25 12:19:01 下午 [main] INFO  org.springframework.jmx.export.annotation.AnnotationMBeanExporter - Registering beans for JMX exposure on startup
2018-七月-25 12:19:01 下午 [main] INFO  org.springframework.jmx.export.annotation.AnnotationMBeanExporter - Bean with name 'dataSource' has been autodetected for JMX exposure
2018-七月-25 12:19:01 下午 [main] INFO  org.springframework.jmx.export.annotation.AnnotationMBeanExporter - Located MBean 'dataSource': registering with JMX server as MBean [com.zaxxer.hikari:name=dataSource,type=HikariDataSource]
2018-七月-25 12:19:01 下午 [main] INFO  org.apache.coyote.http11.Http11NioProtocol - Initializing ProtocolHandler ["http-nio-8080"]
2018-七月-25 12:19:01 下午 [main] INFO  org.apache.coyote.http11.Http11NioProtocol - Starting ProtocolHandler [http-nio-8080]
2018-七月-25 12:19:01 下午 [main] INFO  org.apache.tomcat.util.net.NioSelectorPool - Using a shared selector for servlet write/read
2018-七月-25 12:19:01 下午 [main] INFO  org.springframework.boot.context.embedded.tomcat.TomcatEmbeddedServletContainer - Tomcat started on port(s): 8080 (http)
2018-七月-25 12:19:01 下午 [main] INFO  com.perfectchina.bns.WebApplication - Started WebApplication in 5.004 seconds (JVM running for 5.76)
2018-七月-25 14:00:39 下午 [HikariPool-1 housekeeper] WARN  com.zaxxer.hikari.pool.HikariPool - 38m39s981ms - Thread starvation or clock leap detected (housekeeper delta=HikariPool-1).
2018-七月-25 14:07:33 下午 [Thread-13] INFO  org.springframework.boot.context.embedded.AnnotationConfigEmbeddedWebApplicationContext - Closing org.springframework.boot.context.embedded.AnnotationConfigEmbeddedWebApplicationContext@235ecd9f: startup date [Wed Jul 25 12:18:56 CST 2018]; root of context hierarchy
